# JRE version: Java(TM) SE Runtime Environment (21.0.1+12) (build 21.0.1+12-LTS-29)
# Java VM: Java HotSpot(TM) 64-Bit Server VM (21.0.1+12-LTS-29, mixed mode, sharing, tiered, compressed oops, compressed class ptrs, g1 gc, windows-amd64)
GC Precious Log:
 CardTable entry size: 512
 Card Set container configuration: InlinePtr #cards 5 size 8 Array Of Cards #cards 12 size 40 Howl #buckets 4 coarsen threshold 1843 Howl Bitmap #cards 512 size 80 coarsen threshold 460 Card regions per heap region 1 cards per card region 2048
 CPUs: 8 total, 8 available
 Memory: 7975M
 Large Page Support: Disabled
 NUMA Support: Disabled
 Compressed Oops: Enabled (32-bit)
 Heap Region Size: 1M
 Heap Min Capacity: 8M
 Heap Initial Capacity: 126M
 Heap Max Capacity: 1994M
 Pre-touch: Disabled
 Parallel Workers: 8
 Concurrent Workers: 2
 Concurrent Refinement Workers: 8
 Periodic GC: Disabled
Heap:
 garbage-first heap   total 61440K, used 34609K [0x0000000083600000, 0x0000000100000000)
  region size 1024K, 7 young (7168K), 4 survivors (4096K)
 Metaspace       used 71603K, committed 72384K, reserved 1114112K
  class space    used 10050K, committed 10432K, reserved 1048576K
GC Heap History (20 events):
Event: 10.132 GC heap before
{Heap before GC invocations=6 (full 0):
 garbage-first heap   total 51200K, used 40768K [0x0000000083600000, 0x0000000100000000)
  region size 1024K, 27 young (27648K), 4 survivors (4096K)
 Metaspace       used 32358K, committed 32832K, reserved 1114112K
  class space    used 4193K, committed 4416K, reserved 1048576K
}
Event: 10.137 GC heap after
{Heap after GC invocations=7 (full 0):
 garbage-first heap   total 51200K, used 19709K [0x0000000083600000, 0x0000000100000000)
  region size 1024K, 3 young (3072K), 3 survivors (3072K)
 Metaspace       used 32358K, committed 32832K, reserved 1114112K
  class space    used 4193K, committed 4416K, reserved 1048576K
}
Event: 10.449 GC heap before
{Heap before GC invocations=7 (full 0):
 garbage-first heap   total 51200K, used 30973K [0x0000000083600000, 0x0000000100000000)
  region size 1024K, 15 young (15360K), 3 survivors (3072K)
 Metaspace       used 35456K, committed 35968K, reserved 1114112K
  class space    used 4618K, committed 4864K, reserved 1048576K
}
Event: 10.451 GC heap after
{Heap after GC invocations=8 (full 0):
 garbage-first heap   total 51200K, used 20388K [0x0000000083600000, 0x0000000100000000)
  region size 1024K, 1 young (1024K), 1 survivors (1024K)
 Metaspace       used 35456K, committed 35968K, reserved 1114112K
  class space    used 4618K, committed 4864K, reserved 1048576K
}
Event: 11.131 GC heap before
{Heap before GC invocations=9 (full 0):
 garbage-first heap   total 51200K, used 41892K [0x0000000083600000, 0x0000000100000000)
  region size 1024K, 23 young (23552K), 1 survivors (1024K)
 Metaspace       used 41994K, committed 42560K, reserved 1114112K
  class space    used 5589K, committed 5824K, reserved 1048576K
}
Event: 11.135 GC heap after
{Heap after GC invocations=10 (full 0):
 garbage-first heap   total 51200K, used 22324K [0x0000000083600000, 0x0000000100000000)
  region size 1024K, 3 young (3072K), 3 survivors (3072K)
 Metaspace       used 41994K, committed 42560K, reserved 1114112K
  class space    used 5589K, committed 5824K, reserved 1048576K
}
Event: 11.559 GC heap before
{Heap before GC invocations=10 (full 0):
 garbage-first heap   total 51200K, used 42804K [0x0000000083600000, 0x0000000100000000)
  region size 1024K, 24 young (24576K), 3 survivors (3072K)
 Metaspace       used 47651K, committed 48256K, reserved 1114112K
  class space    used 6343K, committed 6592K, reserved 1048576K
}
Event: 11.562 GC heap after
{Heap after GC invocations=11 (full 0):
 garbage-first heap   total 51200K, used 23473K [0x0000000083600000, 0x0000000100000000)
  region size 1024K, 2 young (2048K), 2 survivors (2048K)
 Metaspace       used 47651K, committed 48256K, reserved 1114112K
  class space    used 6343K, committed 6592K, reserved 1048576K
}
Event: 13.616 GC heap before
{Heap before GC invocations=11 (full 0):
 garbage-first heap   total 51200K, used 42929K [0x0000000083600000, 0x0000000100000000)
  region size 1024K, 22 young (22528K), 2 survivors (2048K)
 Metaspace       used 54278K, committed 54848K, reserved 1114112K
  class space    used 7394K, committed 7680K, reserved 1048576K
}
Event: 13.618 GC heap after
{Heap after GC invocations=12 (full 0):
 garbage-first heap   total 51200K, used 24244K [0x0000000083600000, 0x0000000100000000)
  region size 1024K, 3 young (3072K), 3 survivors (3072K)
 Metaspace       used 54278K, committed 54848K, reserved 1114112K
  class space    used 7394K, committed 7680K, reserved 1048576K
}
Event: 14.009 GC heap before
{Heap before GC invocations=12 (full 0):
 garbage-first heap   total 51200K, used 41652K [0x0000000083600000, 0x0000000100000000)
  region size 1024K, 21 young (21504K), 3 survivors (3072K)
 Metaspace       used 59476K, committed 60160K, reserved 1114112K
  class space    used 8103K, committed 8448K, reserved 1048576K
}
Event: 14.012 GC heap after
{Heap after GC invocations=13 (full 0):
 garbage-first heap   total 51200K, used 25552K [0x0000000083600000, 0x0000000100000000)
  region size 1024K, 3 young (3072K), 3 survivors (3072K)
 Metaspace       used 59476K, committed 60160K, reserved 1114112K
  class space    used 8103K, committed 8448K, reserved 1048576K
}
Event: 14.352 GC heap before
{Heap before GC invocations=14 (full 0):
 garbage-first heap   total 51200K, used 43984K [0x0000000083600000, 0x0000000100000000)
  region size 1024K, 21 young (21504K), 3 survivors (3072K)
 Metaspace       used 63204K, committed 63872K, reserved 1114112K
  class space    used 8739K, committed 9024K, reserved 1048576K
}
Event: 14.356 GC heap after
{Heap after GC invocations=15 (full 0):
 garbage-first heap   total 51200K, used 27257K [0x0000000083600000, 0x0000000100000000)
  region size 1024K, 3 young (3072K), 3 survivors (3072K)
 Metaspace       used 63204K, committed 63872K, reserved 1114112K
  class space    used 8739K, committed 9024K, reserved 1048576K
}
Event: 14.556 GC heap before
{Heap before GC invocations=15 (full 0):
 garbage-first heap   total 51200K, used 43641K [0x0000000083600000, 0x0000000100000000)
  region size 1024K, 20 young (20480K), 3 survivors (3072K)
 Metaspace       used 65553K, committed 66240K, reserved 1114112K
  class space    used 9159K, committed 9472K, reserved 1048576K
}
Event: 14.561 GC heap after
{Heap after GC invocations=16 (full 0):
 garbage-first heap   total 51200K, used 28679K [0x0000000083600000, 0x0000000100000000)
  region size 1024K, 2 young (2048K), 2 survivors (2048K)
 Metaspace       used 65553K, committed 66240K, reserved 1114112K
  class space    used 9159K, committed 9472K, reserved 1048576K
}
Event: 14.842 GC heap before
{Heap before GC invocations=16 (full 0):
 garbage-first heap   total 51200K, used 45063K [0x0000000083600000, 0x0000000100000000)
  region size 1024K, 18 young (18432K), 2 survivors (2048K)
 Metaspace       used 68526K, committed 69248K, reserved 1114112K
  class space    used 9614K, committed 9920K, reserved 1048576K
}
Event: 14.845 GC heap after
{Heap after GC invocations=17 (full 0):
 garbage-first heap   total 61440K, used 30063K [0x0000000083600000, 0x0000000100000000)
  region size 1024K, 3 young (3072K), 3 survivors (3072K)
 Metaspace       used 68526K, committed 69248K, reserved 1114112K
  class space    used 9614K, committed 9920K, reserved 1048576K
}
Event: 15.267 GC heap before
{Heap before GC invocations=18 (full 0):
 garbage-first heap   total 61440K, used 54639K [0x0000000083600000, 0x0000000100000000)
  region size 1024K, 27 young (27648K), 3 survivors (3072K)
 Metaspace       used 71314K, committed 72000K, reserved 1114112K
  class space    used 10006K, committed 10304K, reserved 1048576K
}
Event: 15.271 GC heap after
{Heap after GC invocations=19 (full 0):
 garbage-first heap   total 61440K, used 32561K [0x0000000083600000, 0x0000000100000000)
  region size 1024K, 4 young (4096K), 4 survivors (4096K)
 Metaspace       used 71314K, committed 72000K, reserved 1114112K
  class space    used 10006K, committed 10304K, reserved 1048576K
}

