# JRE version: Java(TM) SE Runtime Environment (21.0.1+12) (build 21.0.1+12-LTS-29)
# Java VM: Java HotSpot(TM) 64-Bit Server VM (21.0.1+12-LTS-29, mixed mode, sharing, tiered, compressed oops, compressed class ptrs, g1 gc, windows-amd64)
GC Precious Log:
 CardTable entry size: 512
 Card Set container configuration: InlinePtr #cards 5 size 8 Array Of Cards #cards 12 size 40 Howl #buckets 4 coarsen threshold 1843 Howl Bitmap #cards 512 size 80 coarsen threshold 460 Card regions per heap region 1 cards per card region 2048
 CPUs: 8 total, 8 available
 Memory: 7975M
 Large Page Support: Disabled
 NUMA Support: Disabled
 Compressed Oops: Enabled (32-bit)
 Heap Region Size: 1M
 Heap Min Capacity: 8M
 Heap Initial Capacity: 126M
 Heap Max Capacity: 1994M
 Pre-touch: Disabled
 Parallel Workers: 8
 Concurrent Workers: 2
 Concurrent Refinement Workers: 8
 Periodic GC: Disabled
Heap:
 garbage-first heap   total 86016K, used 76166K [0x0000000083600000, 0x0000000100000000)
  region size 1024K, 39 young (39936K), 1 survivors (1024K)
 Metaspace       used 75309K, committed 76288K, reserved 1179648K
  class space    used 10295K, committed 10688K, reserved 1048576K
GC Heap History (20 events):
Event: 570.818 GC heap after
{Heap after GC invocations=28 (full 0):
 garbage-first heap   total 71680K, used 39892K [0x0000000083600000, 0x0000000100000000)
  region size 1024K, 1 young (1024K), 1 survivors (1024K)
 Metaspace       used 75350K, committed 76096K, reserved 1114112K
  class space    used 10344K, committed 10688K, reserved 1048576K
}
Event: 813.287 GC heap before
{Heap before GC invocations=28 (full 0):
 garbage-first heap   total 71680K, used 65492K [0x0000000083600000, 0x0000000100000000)
  region size 1024K, 26 young (26624K), 1 survivors (1024K)
 Metaspace       used 75359K, committed 76096K, reserved 1114112K
  class space    used 10344K, committed 10688K, reserved 1048576K
}
Event: 813.303 GC heap after
{Heap after GC invocations=29 (full 0):
 garbage-first heap   total 71680K, used 39900K [0x0000000083600000, 0x0000000100000000)
  region size 1024K, 1 young (1024K), 1 survivors (1024K)
 Metaspace       used 75359K, committed 76096K, reserved 1114112K
  class space    used 10344K, committed 10688K, reserved 1048576K
}
Event: 1056.764 GC heap before
{Heap before GC invocations=30 (full 0):
 garbage-first heap   total 71680K, used 65500K [0x0000000083600000, 0x0000000100000000)
  region size 1024K, 26 young (26624K), 1 survivors (1024K)
 Metaspace       used 75373K, committed 76160K, reserved 1179648K
  class space    used 10344K, committed 10688K, reserved 1048576K
}
Event: 1056.790 GC heap after
{Heap after GC invocations=31 (full 0):
 garbage-first heap   total 86016K, used 39917K [0x0000000083600000, 0x0000000100000000)
  region size 1024K, 1 young (1024K), 1 survivors (1024K)
 Metaspace       used 75373K, committed 76160K, reserved 1179648K
  class space    used 10344K, committed 10688K, reserved 1048576K
}
Event: 1426.541 GC heap before
{Heap before GC invocations=31 (full 0):
 garbage-first heap   total 86016K, used 78829K [0x0000000083600000, 0x0000000100000000)
  region size 1024K, 39 young (39936K), 1 survivors (1024K)
 Metaspace       used 75378K, committed 76160K, reserved 1179648K
  class space    used 10344K, committed 10688K, reserved 1048576K
}
Event: 1426.556 GC heap after
{Heap after GC invocations=32 (full 0):
 garbage-first heap   total 86016K, used 39484K [0x0000000083600000, 0x0000000100000000)
  region size 1024K, 1 young (1024K), 1 survivors (1024K)
 Metaspace       used 75378K, committed 76160K, reserved 1179648K
  class space    used 10344K, committed 10688K, reserved 1048576K
}
Event: 1898.322 GC heap before
{Heap before GC invocations=32 (full 0):
 garbage-first heap   total 86016K, used 78396K [0x0000000083600000, 0x0000000100000000)
  region size 1024K, 39 young (39936K), 1 survivors (1024K)
 Metaspace       used 75435K, committed 76160K, reserved 1179648K
  class space    used 10353K, committed 10688K, reserved 1048576K
}
Event: 1898.354 GC heap after
{Heap after GC invocations=33 (full 0):
 garbage-first heap   total 86016K, used 39831K [0x0000000083600000, 0x0000000100000000)
  region size 1024K, 1 young (1024K), 1 survivors (1024K)
 Metaspace       used 75435K, committed 76160K, reserved 1179648K
  class space    used 10353K, committed 10688K, reserved 1048576K
}
Event: 2270.805 GC heap before
{Heap before GC invocations=34 (full 0):
 garbage-first heap   total 86016K, used 78743K [0x0000000083600000, 0x0000000100000000)
  region size 1024K, 39 young (39936K), 1 survivors (1024K)
 Metaspace       used 75435K, committed 76160K, reserved 1179648K
  class space    used 10353K, committed 10688K, reserved 1048576K
}
Event: 2270.812 GC heap after
{Heap after GC invocations=35 (full 0):
 garbage-first heap   total 86016K, used 39831K [0x0000000083600000, 0x0000000100000000)
  region size 1024K, 1 young (1024K), 1 survivors (1024K)
 Metaspace       used 75435K, committed 76160K, reserved 1179648K
  class space    used 10353K, committed 10688K, reserved 1048576K
}
Event: 2643.373 GC heap before
{Heap before GC invocations=35 (full 0):
 garbage-first heap   total 86016K, used 78743K [0x0000000083600000, 0x0000000100000000)
  region size 1024K, 39 young (39936K), 1 survivors (1024K)
 Metaspace       used 75451K, committed 76160K, reserved 1179648K
  class space    used 10353K, committed 10688K, reserved 1048576K
}
Event: 2643.413 GC heap after
{Heap after GC invocations=36 (full 0):
 garbage-first heap   total 86016K, used 39257K [0x0000000083600000, 0x0000000100000000)
  region size 1024K, 1 young (1024K), 1 survivors (1024K)
 Metaspace       used 75451K, committed 76160K, reserved 1179648K
  class space    used 10353K, committed 10688K, reserved 1048576K
}
Event: 4579.193 GC heap before
{Heap before GC invocations=36 (full 0):
 garbage-first heap   total 86016K, used 79193K [0x0000000083600000, 0x0000000100000000)
  region size 1024K, 40 young (40960K), 1 survivors (1024K)
 Metaspace       used 75471K, committed 76224K, reserved 1179648K
  class space    used 10353K, committed 10688K, reserved 1048576K
}
Event: 4579.259 GC heap after
{Heap after GC invocations=37 (full 0):
 garbage-first heap   total 86016K, used 39328K [0x0000000083600000, 0x0000000100000000)
  region size 1024K, 1 young (1024K), 1 survivors (1024K)
 Metaspace       used 75471K, committed 76224K, reserved 1179648K
  class space    used 10353K, committed 10688K, reserved 1048576K
}
Event: 9301.302 GC heap before
{Heap before GC invocations=38 (full 0):
 garbage-first heap   total 86016K, used 79264K [0x0000000083600000, 0x0000000100000000)
  region size 1024K, 40 young (40960K), 1 survivors (1024K)
 Metaspace       used 75135K, committed 76224K, reserved 1179648K
  class space    used 10261K, committed 10688K, reserved 1048576K
}
Event: 9301.394 GC heap after
{Heap after GC invocations=39 (full 0):
 garbage-first heap   total 86016K, used 39215K [0x0000000083600000, 0x0000000100000000)
  region size 1024K, 1 young (1024K), 1 survivors (1024K)
 Metaspace       used 75135K, committed 76224K, reserved 1179648K
  class space    used 10261K, committed 10688K, reserved 1048576K
}
Event: 9681.621 GC heap before
{Heap before GC invocations=39 (full 0):
 garbage-first heap   total 86016K, used 79151K [0x0000000083600000, 0x0000000100000000)
  region size 1024K, 40 young (40960K), 1 survivors (1024K)
 Metaspace       used 75149K, committed 76224K, reserved 1179648K
  class space    used 10261K, committed 10688K, reserved 1048576K
}
Event: 9681.716 GC heap after
{Heap after GC invocations=40 (full 0):
 garbage-first heap   total 86016K, used 38278K [0x0000000083600000, 0x0000000100000000)
  region size 1024K, 1 young (1024K), 1 survivors (1024K)
 Metaspace       used 75149K, committed 76224K, reserved 1179648K
  class space    used 10261K, committed 10688K, reserved 1048576K
}
Event: 10019.903 GC heap before
{Heap before GC invocations=40 (full 0):
 garbage-first heap   total 86016K, used 76166K [0x0000000083600000, 0x0000000100000000)
  region size 1024K, 39 young (39936K), 1 survivors (1024K)
 Metaspace       used 75309K, committed 76288K, reserved 1179648K
  class space    used 10295K, committed 10688K, reserved 1048576K
}

