# JRE version: Java(TM) SE Runtime Environment (21.0.1+12) (build 21.0.1+12-LTS-29)
# Java VM: Java HotSpot(TM) 64-Bit Server VM (21.0.1+12-LTS-29, mixed mode, sharing, tiered, compressed oops, compressed class ptrs, g1 gc, windows-amd64)
GC Precious Log:
 CardTable entry size: 512
 Card Set container configuration: InlinePtr #cards 5 size 8 Array Of Cards #cards 12 size 40 Howl #buckets 4 coarsen threshold 1843 Howl Bitmap #cards 512 size 80 coarsen threshold 460 Card regions per heap region 1 cards per card region 2048
 CPUs: 8 total, 8 available
 Memory: 7975M
 Large Page Support: Disabled
 NUMA Support: Disabled
 Compressed Oops: Enabled (32-bit)
 Heap Region Size: 1M
 Heap Min Capacity: 8M
 Heap Initial Capacity: 126M
 Heap Max Capacity: 1994M
 Pre-touch: Disabled
 Parallel Workers: 8
 Concurrent Workers: 2
 Concurrent Refinement Workers: 8
 Periodic GC: Disabled
Heap:
 garbage-first heap   total 86016K, used 72182K [0x0000000083600000, 0x0000000100000000)
  region size 1024K, 34 young (34816K), 3 survivors (3072K)
 Metaspace       used 80795K, committed 81536K, reserved 1179648K
  class space    used 11068K, committed 11392K, reserved 1048576K
GC Heap History (20 events):
Event: 5.892 GC heap after
{Heap after GC invocations=15 (full 0):
 garbage-first heap   total 52224K, used 26701K [0x0000000083600000, 0x0000000100000000)
  region size 1024K, 2 young (2048K), 2 survivors (2048K)
 Metaspace       used 55259K, committed 55808K, reserved 1114112K
  class space    used 7491K, committed 7744K, reserved 1048576K
}
Event: 6.043 GC heap before
{Heap before GC invocations=15 (full 0):
 garbage-first heap   total 52224K, used 45133K [0x0000000083600000, 0x0000000100000000)
  region size 1024K, 20 young (20480K), 2 survivors (2048K)
 Metaspace       used 55662K, committed 56256K, reserved 1114112K
  class space    used 7526K, committed 7808K, reserved 1048576K
}
Event: 6.045 GC heap after
{Heap after GC invocations=16 (full 0):
 garbage-first heap   total 52224K, used 26537K [0x0000000083600000, 0x0000000100000000)
  region size 1024K, 2 young (2048K), 2 survivors (2048K)
 Metaspace       used 55662K, committed 56256K, reserved 1114112K
  class space    used 7526K, committed 7808K, reserved 1048576K
}
Event: 6.751 GC heap before
{Heap before GC invocations=16 (full 0):
 garbage-first heap   total 52224K, used 44969K [0x0000000083600000, 0x0000000100000000)
  region size 1024K, 20 young (20480K), 2 survivors (2048K)
 Metaspace       used 60328K, committed 60992K, reserved 1114112K
  class space    used 8167K, committed 8448K, reserved 1048576K
}
Event: 6.754 GC heap after
{Heap after GC invocations=17 (full 0):
 garbage-first heap   total 63488K, used 27883K [0x0000000083600000, 0x0000000100000000)
  region size 1024K, 3 young (3072K), 3 survivors (3072K)
 Metaspace       used 60328K, committed 60992K, reserved 1114112K
  class space    used 8167K, committed 8448K, reserved 1048576K
}
Event: 7.454 GC heap before
{Heap before GC invocations=18 (full 0):
 garbage-first heap   total 63488K, used 54507K [0x0000000083600000, 0x0000000100000000)
  region size 1024K, 30 young (30720K), 3 survivors (3072K)
 Metaspace       used 64853K, committed 65472K, reserved 1114112K
  class space    used 8846K, committed 9088K, reserved 1048576K
}
Event: 7.461 GC heap after
{Heap after GC invocations=19 (full 0):
 garbage-first heap   total 63488K, used 30974K [0x0000000083600000, 0x0000000100000000)
  region size 1024K, 4 young (4096K), 4 survivors (4096K)
 Metaspace       used 64853K, committed 65472K, reserved 1114112K
  class space    used 8846K, committed 9088K, reserved 1048576K
}
Event: 7.925 GC heap before
{Heap before GC invocations=19 (full 0):
 garbage-first heap   total 63488K, used 53502K [0x0000000083600000, 0x0000000100000000)
  region size 1024K, 27 young (27648K), 4 survivors (4096K)
 Metaspace       used 68765K, committed 69440K, reserved 1114112K
  class space    used 9497K, committed 9792K, reserved 1048576K
}
Event: 7.932 GC heap after
{Heap after GC invocations=20 (full 0):
 garbage-first heap   total 63488K, used 33032K [0x0000000083600000, 0x0000000100000000)
  region size 1024K, 3 young (3072K), 3 survivors (3072K)
 Metaspace       used 68765K, committed 69440K, reserved 1114112K
  class space    used 9497K, committed 9792K, reserved 1048576K
}
Event: 8.250 GC heap before
{Heap before GC invocations=20 (full 0):
 garbage-first heap   total 63488K, used 55560K [0x0000000083600000, 0x0000000100000000)
  region size 1024K, 25 young (25600K), 3 survivors (3072K)
 Metaspace       used 69943K, committed 70592K, reserved 1114112K
  class space    used 9621K, committed 9920K, reserved 1048576K
}
Event: 8.253 GC heap after
{Heap after GC invocations=21 (full 0):
 garbage-first heap   total 63488K, used 34816K [0x0000000083600000, 0x0000000100000000)
  region size 1024K, 4 young (4096K), 4 survivors (4096K)
 Metaspace       used 69943K, committed 70592K, reserved 1114112K
  class space    used 9621K, committed 9920K, reserved 1048576K
}
Event: 8.688 GC heap before
{Heap before GC invocations=22 (full 0):
 garbage-first heap   total 63488K, used 55296K [0x0000000083600000, 0x0000000100000000)
  region size 1024K, 24 young (24576K), 4 survivors (4096K)
 Metaspace       used 72041K, committed 72768K, reserved 1114112K
  class space    used 9926K, committed 10240K, reserved 1048576K
}
Event: 8.693 GC heap after
{Heap after GC invocations=23 (full 0):
 garbage-first heap   total 63488K, used 37259K [0x0000000083600000, 0x0000000100000000)
  region size 1024K, 3 young (3072K), 3 survivors (3072K)
 Metaspace       used 72041K, committed 72768K, reserved 1114112K
  class space    used 9926K, committed 10240K, reserved 1048576K
}
Event: 9.126 GC heap before
{Heap before GC invocations=23 (full 0):
 garbage-first heap   total 63488K, used 55691K [0x0000000083600000, 0x0000000100000000)
  region size 1024K, 21 young (21504K), 3 survivors (3072K)
 Metaspace       used 74092K, committed 74816K, reserved 1114112K
  class space    used 10185K, committed 10496K, reserved 1048576K
}
Event: 9.130 GC heap after
{Heap after GC invocations=24 (full 0):
 garbage-first heap   total 63488K, used 39101K [0x0000000083600000, 0x0000000100000000)
  region size 1024K, 3 young (3072K), 3 survivors (3072K)
 Metaspace       used 74092K, committed 74816K, reserved 1114112K
  class space    used 10185K, committed 10496K, reserved 1048576K
}
Event: 15.379 GC heap before
{Heap before GC invocations=24 (full 0):
 garbage-first heap   total 63488K, used 54461K [0x0000000083600000, 0x0000000100000000)
  region size 1024K, 19 young (19456K), 3 survivors (3072K)
 Metaspace       used 76286K, committed 76992K, reserved 1179648K
  class space    used 10484K, committed 10816K, reserved 1048576K
}
Event: 15.384 GC heap after
{Heap after GC invocations=25 (full 0):
 garbage-first heap   total 63488K, used 40690K [0x0000000083600000, 0x0000000100000000)
  region size 1024K, 2 young (2048K), 2 survivors (2048K)
 Metaspace       used 76286K, committed 76992K, reserved 1179648K
  class space    used 10484K, committed 10816K, reserved 1048576K
}
Event: 23.729 GC heap before
{Heap before GC invocations=26 (full 0):
 garbage-first heap   total 71680K, used 55026K [0x0000000083600000, 0x0000000100000000)
  region size 1024K, 17 young (17408K), 2 survivors (2048K)
 Metaspace       used 80539K, committed 81280K, reserved 1179648K
  class space    used 11040K, committed 11392K, reserved 1048576K
}
Event: 23.737 GC heap after
{Heap after GC invocations=27 (full 0):
 garbage-first heap   total 86016K, used 41462K [0x0000000083600000, 0x0000000100000000)
  region size 1024K, 3 young (3072K), 3 survivors (3072K)
 Metaspace       used 80539K, committed 81280K, reserved 1179648K
  class space    used 11040K, committed 11392K, reserved 1048576K
}
Event: 305.323 GC heap before
{Heap before GC invocations=27 (full 0):
 garbage-first heap   total 86016K, used 72182K [0x0000000083600000, 0x0000000100000000)
  region size 1024K, 34 young (34816K), 3 survivors (3072K)
 Metaspace       used 80795K, committed 81536K, reserved 1179648K
  class space    used 11068K, committed 11392K, reserved 1048576K
}

